mode: set
github.com/RyaWcksn/chibiko/api/v1/usecases/client.go:19.61,23.2 1 0
github.com/RyaWcksn/chibiko/api/v1/usecases/usecases_impl.go:14.107,23.16 3 1
github.com/RyaWcksn/chibiko/api/v1/usecases/usecases_impl.go:28.2,29.17 2 1
github.com/RyaWcksn/chibiko/api/v1/usecases/usecases_impl.go:23.16,26.3 2 0
github.com/RyaWcksn/chibiko/configs/config.go:29.58,31.16 2 1
github.com/RyaWcksn/chibiko/configs/config.go:35.2,36.51 2 1
github.com/RyaWcksn/chibiko/configs/config.go:40.2,40.18 1 1
github.com/RyaWcksn/chibiko/configs/config.go:31.16,33.3 1 1
github.com/RyaWcksn/chibiko/configs/config.go:36.51,38.3 1 1
github.com/RyaWcksn/chibiko/api/v1/handlers/encode_handler.go:14.76,19.16 4 0
github.com/RyaWcksn/chibiko/api/v1/handlers/encode_handler.go:24.2,24.54 1 0
github.com/RyaWcksn/chibiko/api/v1/handlers/encode_handler.go:29.2,30.16 2 0
github.com/RyaWcksn/chibiko/api/v1/handlers/encode_handler.go:34.2,48.39 5 0
github.com/RyaWcksn/chibiko/api/v1/handlers/encode_handler.go:19.16,22.3 2 0
github.com/RyaWcksn/chibiko/api/v1/handlers/encode_handler.go:24.54,27.3 2 0
github.com/RyaWcksn/chibiko/api/v1/handlers/encode_handler.go:30.16,32.3 1 0
github.com/RyaWcksn/chibiko/api/v1/handlers/handler.go:16.77,21.2 1 0
github.com/RyaWcksn/chibiko/ports/databases/mysql/client.go:14.32,18.2 1 1
github.com/RyaWcksn/chibiko/ports/databases/mysql/mysql_impl.go:14.97,20.16 4 1
github.com/RyaWcksn/chibiko/ports/databases/mysql/mysql_impl.go:25.2,27.16 3 1
github.com/RyaWcksn/chibiko/ports/databases/mysql/mysql_impl.go:31.2,32.16 2 1
github.com/RyaWcksn/chibiko/ports/databases/mysql/mysql_impl.go:38.2,39.16 2 1
github.com/RyaWcksn/chibiko/ports/databases/mysql/mysql_impl.go:45.2,45.17 1 1
github.com/RyaWcksn/chibiko/ports/databases/mysql/mysql_impl.go:20.16,23.3 2 0
github.com/RyaWcksn/chibiko/ports/databases/mysql/mysql_impl.go:27.16,30.3 2 0
github.com/RyaWcksn/chibiko/ports/databases/mysql/mysql_impl.go:32.16,36.3 3 0
github.com/RyaWcksn/chibiko/ports/databases/mysql/mysql_impl.go:39.16,43.3 3 0
github.com/RyaWcksn/chibiko/ports/databases/mysql/mysql_impl.go:48.97,55.16 5 1
github.com/RyaWcksn/chibiko/ports/databases/mysql/mysql_impl.go:59.2,60.16 2 1
github.com/RyaWcksn/chibiko/ports/databases/mysql/mysql_impl.go:70.2,70.21 1 1
github.com/RyaWcksn/chibiko/ports/databases/mysql/mysql_impl.go:55.16,58.3 2 0
github.com/RyaWcksn/chibiko/ports/databases/mysql/mysql_impl.go:60.16,62.27 2 1
github.com/RyaWcksn/chibiko/ports/databases/mysql/mysql_impl.go:66.3,67.61 2 0
github.com/RyaWcksn/chibiko/ports/databases/mysql/mysql_impl.go:62.27,65.4 2 1
