mode: set
github.com/RyaWcksn/chibiko/api/v1/usecases/usecases_impl.go:14.107,23.16 3 1
github.com/RyaWcksn/chibiko/api/v1/usecases/usecases_impl.go:28.2,31.17 4 1
github.com/RyaWcksn/chibiko/api/v1/usecases/usecases_impl.go:23.16,26.3 2 0
github.com/RyaWcksn/chibiko/configs/config.go:29.58,31.16 2 1
github.com/RyaWcksn/chibiko/configs/config.go:35.2,36.51 2 1
github.com/RyaWcksn/chibiko/configs/config.go:40.2,40.18 1 1
github.com/RyaWcksn/chibiko/configs/config.go:31.16,33.3 1 1
github.com/RyaWcksn/chibiko/configs/config.go:36.51,38.3 1 1
github.com/RyaWcksn/chibiko/api/v1/handlers/encode_handler.go:13.76,18.16 4 0
github.com/RyaWcksn/chibiko/api/v1/handlers/encode_handler.go:23.2,23.54 1 0
github.com/RyaWcksn/chibiko/api/v1/handlers/encode_handler.go:28.2,28.12 1 0
github.com/RyaWcksn/chibiko/api/v1/handlers/encode_handler.go:18.16,21.3 2 0
github.com/RyaWcksn/chibiko/api/v1/handlers/encode_handler.go:23.54,26.3 2 0
github.com/RyaWcksn/chibiko/ports/databases/mysql/mysql_impl.go:12.97,18.16 4 1
github.com/RyaWcksn/chibiko/ports/databases/mysql/mysql_impl.go:23.2,25.16 3 1
github.com/RyaWcksn/chibiko/ports/databases/mysql/mysql_impl.go:29.2,30.16 2 1
github.com/RyaWcksn/chibiko/ports/databases/mysql/mysql_impl.go:36.2,37.16 2 1
github.com/RyaWcksn/chibiko/ports/databases/mysql/mysql_impl.go:43.2,43.17 1 1
github.com/RyaWcksn/chibiko/ports/databases/mysql/mysql_impl.go:18.16,21.3 2 0
github.com/RyaWcksn/chibiko/ports/databases/mysql/mysql_impl.go:25.16,28.3 2 0
github.com/RyaWcksn/chibiko/ports/databases/mysql/mysql_impl.go:30.16,34.3 3 0
github.com/RyaWcksn/chibiko/ports/databases/mysql/mysql_impl.go:37.16,41.3 3 0
github.com/RyaWcksn/chibiko/ports/databases/mysql/client.go:14.32,18.2 1 0
